2023-06-01 18:02:44.305 [gateway-demo,,] [background-preinit] INFO  org.hibernate.validator.internal.util.Version - HV000001: Hibernate Validator 6.2.5.Final
2023-06-01 18:02:44.311 [gateway-demo,,] [main] INFO  com.GatewayApplication - Starting GatewayApplication using Java 1.8.0_331 on LAPTOP-3LBQ3TH3 with PID 31468 (C:\Users\14485\Desktop\springcloud\springcloud-gateway-9001\target\classes started by 14485 in C:\Users\14485\Desktop\springcloud)
2023-06-01 18:02:44.312 [gateway-demo,,] [main] INFO  com.GatewayApplication - No active profile set, falling back to 1 default profile: "default"
2023-06-01 18:02:47.781 [gateway-demo,,] [main] INFO  o.springframework.cloud.context.scope.GenericScope - BeanFactory id=94847c9b-953a-3de4-9ef5-eb42a8079ba5
2023-06-01 18:02:48.102 [gateway-demo,,] [main] INFO  o.s.c.s.PostProcessorRegistrationDelegate$BeanPostProcessorChecker - Bean 'org.springframework.cloud.client.loadbalancer.reactive.LoadBalancerBeanPostProcessorAutoConfiguration' of type [org.springframework.cloud.client.loadbalancer.reactive.LoadBalancerBeanPostProcessorAutoConfiguration] is not eligible for getting processed by all BeanPostProcessors (for example: not eligible for auto-proxying)
2023-06-01 18:02:48.106 [gateway-demo,,] [main] INFO  o.s.c.s.PostProcessorRegistrationDelegate$BeanPostProcessorChecker - Bean 'org.springframework.cloud.client.loadbalancer.reactive.LoadBalancerBeanPostProcessorAutoConfiguration$ReactorDeferringLoadBalancerFilterConfig' of type [org.springframework.cloud.client.loadbalancer.reactive.LoadBalancerBeanPostProcessorAutoConfiguration$ReactorDeferringLoadBalancerFilterConfig] is not eligible for getting processed by all BeanPostProcessors (for example: not eligible for auto-proxying)
2023-06-01 18:02:48.109 [gateway-demo,,] [main] INFO  o.s.c.s.PostProcessorRegistrationDelegate$BeanPostProcessorChecker - Bean 'reactorDeferringLoadBalancerExchangeFilterFunction' of type [org.springframework.cloud.client.loadbalancer.reactive.DeferringLoadBalancerExchangeFilterFunction] is not eligible for getting processed by all BeanPostProcessors (for example: not eligible for auto-proxying)
2023-06-01 18:02:51.026 [gateway-demo,,] [main] INFO  org.springframework.cloud.commons.util.InetUtils - Cannot determine local hostname
2023-06-01 18:02:53.018 [gateway-demo,,] [main] INFO  org.springframework.cloud.commons.util.InetUtils - Cannot determine local hostname
2023-06-01 18:02:53.411 [gateway-demo,,] [main] INFO  o.s.c.gateway.route.RouteDefinitionRouteLocator - Loaded RoutePredicateFactory [After]
2023-06-01 18:02:53.411 [gateway-demo,,] [main] INFO  o.s.c.gateway.route.RouteDefinitionRouteLocator - Loaded RoutePredicateFactory [Before]
2023-06-01 18:02:53.412 [gateway-demo,,] [main] INFO  o.s.c.gateway.route.RouteDefinitionRouteLocator - Loaded RoutePredicateFactory [Between]
2023-06-01 18:02:53.412 [gateway-demo,,] [main] INFO  o.s.c.gateway.route.RouteDefinitionRouteLocator - Loaded RoutePredicateFactory [Cookie]
2023-06-01 18:02:53.412 [gateway-demo,,] [main] INFO  o.s.c.gateway.route.RouteDefinitionRouteLocator - Loaded RoutePredicateFactory [Header]
2023-06-01 18:02:53.412 [gateway-demo,,] [main] INFO  o.s.c.gateway.route.RouteDefinitionRouteLocator - Loaded RoutePredicateFactory [Host]
2023-06-01 18:02:53.412 [gateway-demo,,] [main] INFO  o.s.c.gateway.route.RouteDefinitionRouteLocator - Loaded RoutePredicateFactory [Method]
2023-06-01 18:02:53.412 [gateway-demo,,] [main] INFO  o.s.c.gateway.route.RouteDefinitionRouteLocator - Loaded RoutePredicateFactory [Path]
2023-06-01 18:02:53.412 [gateway-demo,,] [main] INFO  o.s.c.gateway.route.RouteDefinitionRouteLocator - Loaded RoutePredicateFactory [Query]
2023-06-01 18:02:53.412 [gateway-demo,,] [main] INFO  o.s.c.gateway.route.RouteDefinitionRouteLocator - Loaded RoutePredicateFactory [ReadBody]
2023-06-01 18:02:53.412 [gateway-demo,,] [main] INFO  o.s.c.gateway.route.RouteDefinitionRouteLocator - Loaded RoutePredicateFactory [RemoteAddr]
2023-06-01 18:02:53.412 [gateway-demo,,] [main] INFO  o.s.c.gateway.route.RouteDefinitionRouteLocator - Loaded RoutePredicateFactory [XForwardedRemoteAddr]
2023-06-01 18:02:53.412 [gateway-demo,,] [main] INFO  o.s.c.gateway.route.RouteDefinitionRouteLocator - Loaded RoutePredicateFactory [Weight]
2023-06-01 18:02:53.412 [gateway-demo,,] [main] INFO  o.s.c.gateway.route.RouteDefinitionRouteLocator - Loaded RoutePredicateFactory [CloudFoundryRouteService]
2023-06-01 18:02:54.236 [gateway-demo,,] [main] INFO  o.s.c.n.e.c.DiscoveryClientOptionalArgsConfiguration - Eureka HTTP Client uses RestTemplate.
2023-06-01 18:02:56.158 [gateway-demo,,] [main] INFO  org.springframework.cloud.commons.util.InetUtils - Cannot determine local hostname
2023-06-01 18:02:56.446 [gateway-demo,,] [main] INFO  o.s.cloud.netflix.eureka.InstanceInfoFactory - Setting initial instance status as: STARTING
2023-06-01 18:02:56.481 [gateway-demo,,] [main] INFO  com.netflix.discovery.DiscoveryClient - Initializing Eureka in region us-east-1
2023-06-01 18:02:56.486 [gateway-demo,,] [main] INFO  c.n.d.shared.resolver.aws.ConfigClusterResolver - Resolving eureka endpoints via configuration
2023-06-01 18:02:56.510 [gateway-demo,,] [main] INFO  com.netflix.discovery.DiscoveryClient - Disable delta property : false
2023-06-01 18:02:56.510 [gateway-demo,,] [main] INFO  com.netflix.discovery.DiscoveryClient - Single vip registry refresh property : null
2023-06-01 18:02:56.510 [gateway-demo,,] [main] INFO  com.netflix.discovery.DiscoveryClient - Force full registry fetch : false
2023-06-01 18:02:56.510 [gateway-demo,,] [main] INFO  com.netflix.discovery.DiscoveryClient - Application is null : false
2023-06-01 18:02:56.511 [gateway-demo,,] [main] INFO  com.netflix.discovery.DiscoveryClient - Registered Applications size is zero : true
2023-06-01 18:02:56.511 [gateway-demo,,] [main] INFO  com.netflix.discovery.DiscoveryClient - Application version is -1: true
2023-06-01 18:02:56.511 [gateway-demo,,] [main] INFO  com.netflix.discovery.DiscoveryClient - Getting all instance registry info from the eureka server
2023-06-01 18:02:57.607 [gateway-demo,,] [main] INFO  com.netflix.discovery.DiscoveryClient - The response status is 200
2023-06-01 18:02:57.611 [gateway-demo,,] [main] INFO  com.netflix.discovery.DiscoveryClient - Starting heartbeat executor: renew interval is: 30
2023-06-01 18:02:57.613 [gateway-demo,,] [main] INFO  com.netflix.discovery.InstanceInfoReplicator - InstanceInfoReplicator onDemand update allowed rate per min is 4
2023-06-01 18:02:57.618 [gateway-demo,,] [main] INFO  com.netflix.discovery.DiscoveryClient - Discovery Client initialized at timestamp 1685613777617 with initial instances count: 4
2023-06-01 18:02:57.621 [gateway-demo,,] [main] INFO  o.s.c.n.e.serviceregistry.EurekaServiceRegistry - Registering application GATEWAY-DEMO with eureka with status UP
2023-06-01 18:02:57.621 [gateway-demo,,] [main] INFO  com.netflix.discovery.DiscoveryClient - Saw local status change event StatusChangeEvent [timestamp=1685613777621, current=UP, previous=STARTING]
2023-06-01 18:02:57.624 [gateway-demo,,] [DiscoveryClient-InstanceInfoReplicator-0] INFO  com.netflix.discovery.DiscoveryClient - DiscoveryClient_GATEWAY-DEMO/localhost:gateway-demo:8081: registering service...
2023-06-01 18:02:57.678 [gateway-demo,,] [DiscoveryClient-InstanceInfoReplicator-0] INFO  com.netflix.discovery.DiscoveryClient - DiscoveryClient_GATEWAY-DEMO/localhost:gateway-demo:8081 - registration status: 204
2023-06-01 18:02:58.771 [gateway-demo,,] [main] INFO  o.s.boot.web.embedded.netty.NettyWebServer - Netty started on port 8081
2023-06-01 18:02:58.772 [gateway-demo,,] [main] INFO  o.s.c.n.e.s.EurekaAutoServiceRegistration - Updating port to 8081
2023-06-01 18:03:00.398 [gateway-demo,,] [main] INFO  org.springframework.cloud.commons.util.InetUtils - Cannot determine local hostname
2023-06-01 18:03:01.908 [gateway-demo,,] [main] INFO  org.springframework.cloud.commons.util.InetUtils - Cannot determine local hostname
2023-06-01 18:03:01.941 [gateway-demo,,] [main] INFO  com.GatewayApplication - Started GatewayApplication in 20.652 seconds (JVM running for 22.266)
2023-06-01 18:07:56.520 [gateway-demo,,] [AsyncResolver-bootstrap-executor-0] INFO  c.n.d.shared.resolver.aws.ConfigClusterResolver - Resolving eureka endpoints via configuration
2023-06-01 18:11:27.021 [gateway-demo,,] [SpringApplicationShutdownHook] INFO  o.s.c.n.e.serviceregistry.EurekaServiceRegistry - Unregistering application GATEWAY-DEMO with eureka with status DOWN
2023-06-01 18:11:27.021 [gateway-demo,,] [SpringApplicationShutdownHook] INFO  com.netflix.discovery.DiscoveryClient - Saw local status change event StatusChangeEvent [timestamp=1685614287021, current=DOWN, previous=UP]
2023-06-01 18:11:27.022 [gateway-demo,,] [DiscoveryClient-InstanceInfoReplicator-0] INFO  com.netflix.discovery.DiscoveryClient - DiscoveryClient_GATEWAY-DEMO/localhost:gateway-demo:8081: registering service...
2023-06-01 18:11:27.031 [gateway-demo,,] [DiscoveryClient-InstanceInfoReplicator-0] INFO  com.netflix.discovery.DiscoveryClient - DiscoveryClient_GATEWAY-DEMO/localhost:gateway-demo:8081 - registration status: 204
2023-06-01 18:11:29.110 [gateway-demo,,] [SpringApplicationShutdownHook] INFO  com.netflix.discovery.DiscoveryClient - Shutting down DiscoveryClient ...
2023-06-01 18:11:32.114 [gateway-demo,,] [SpringApplicationShutdownHook] INFO  com.netflix.discovery.DiscoveryClient - Unregistering ...
2023-06-01 18:11:32.132 [gateway-demo,,] [SpringApplicationShutdownHook] INFO  com.netflix.discovery.DiscoveryClient - DiscoveryClient_GATEWAY-DEMO/localhost:gateway-demo:8081 - deregister  status: 200
2023-06-01 18:11:32.135 [gateway-demo,,] [SpringApplicationShutdownHook] INFO  com.netflix.discovery.DiscoveryClient - Completed shut down of DiscoveryClient
2023-06-01 18:13:49.850 [gateway-demo,,] [main] INFO  com.GatewayApplication - Starting GatewayApplication using Java 1.8.0_331 on LAPTOP-3LBQ3TH3 with PID 51184 (C:\Users\14485\Desktop\springcloud\springcloud-gateway-9001\target\classes started by 14485 in C:\Users\14485\Desktop\springcloud)
2023-06-01 18:13:49.852 [gateway-demo,,] [background-preinit] INFO  org.hibernate.validator.internal.util.Version - HV000001: Hibernate Validator 6.2.5.Final
2023-06-01 18:13:49.852 [gateway-demo,,] [main] INFO  com.GatewayApplication - No active profile set, falling back to 1 default profile: "default"
2023-06-01 18:13:51.372 [gateway-demo,,] [main] INFO  o.springframework.cloud.context.scope.GenericScope - BeanFactory id=952b45bc-c1d4-3bfe-8e59-d5a83155236a
2023-06-01 18:13:51.538 [gateway-demo,,] [main] INFO  o.s.c.s.PostProcessorRegistrationDelegate$BeanPostProcessorChecker - Bean 'org.springframework.cloud.client.loadbalancer.reactive.LoadBalancerBeanPostProcessorAutoConfiguration' of type [org.springframework.cloud.client.loadbalancer.reactive.LoadBalancerBeanPostProcessorAutoConfiguration] is not eligible for getting processed by all BeanPostProcessors (for example: not eligible for auto-proxying)
2023-06-01 18:13:51.540 [gateway-demo,,] [main] INFO  o.s.c.s.PostProcessorRegistrationDelegate$BeanPostProcessorChecker - Bean 'org.springframework.cloud.client.loadbalancer.reactive.LoadBalancerBeanPostProcessorAutoConfiguration$ReactorDeferringLoadBalancerFilterConfig' of type [org.springframework.cloud.client.loadbalancer.reactive.LoadBalancerBeanPostProcessorAutoConfiguration$ReactorDeferringLoadBalancerFilterConfig] is not eligible for getting processed by all BeanPostProcessors (for example: not eligible for auto-proxying)
2023-06-01 18:13:51.541 [gateway-demo,,] [main] INFO  o.s.c.s.PostProcessorRegistrationDelegate$BeanPostProcessorChecker - Bean 'reactorDeferringLoadBalancerExchangeFilterFunction' of type [org.springframework.cloud.client.loadbalancer.reactive.DeferringLoadBalancerExchangeFilterFunction] is not eligible for getting processed by all BeanPostProcessors (for example: not eligible for auto-proxying)
2023-06-01 18:13:53.421 [gateway-demo,,] [main] INFO  org.springframework.cloud.commons.util.InetUtils - Cannot determine local hostname
2023-06-01 18:13:54.881 [gateway-demo,,] [main] INFO  org.springframework.cloud.commons.util.InetUtils - Cannot determine local hostname
2023-06-01 18:13:55.161 [gateway-demo,,] [main] INFO  o.s.c.gateway.route.RouteDefinitionRouteLocator - Loaded RoutePredicateFactory [After]
2023-06-01 18:13:55.161 [gateway-demo,,] [main] INFO  o.s.c.gateway.route.RouteDefinitionRouteLocator - Loaded RoutePredicateFactory [Before]
2023-06-01 18:13:55.161 [gateway-demo,,] [main] INFO  o.s.c.gateway.route.RouteDefinitionRouteLocator - Loaded RoutePredicateFactory [Between]
2023-06-01 18:13:55.161 [gateway-demo,,] [main] INFO  o.s.c.gateway.route.RouteDefinitionRouteLocator - Loaded RoutePredicateFactory [Cookie]
2023-06-01 18:13:55.161 [gateway-demo,,] [main] INFO  o.s.c.gateway.route.RouteDefinitionRouteLocator - Loaded RoutePredicateFactory [Header]
2023-06-01 18:13:55.161 [gateway-demo,,] [main] INFO  o.s.c.gateway.route.RouteDefinitionRouteLocator - Loaded RoutePredicateFactory [Host]
2023-06-01 18:13:55.161 [gateway-demo,,] [main] INFO  o.s.c.gateway.route.RouteDefinitionRouteLocator - Loaded RoutePredicateFactory [Method]
2023-06-01 18:13:55.161 [gateway-demo,,] [main] INFO  o.s.c.gateway.route.RouteDefinitionRouteLocator - Loaded RoutePredicateFactory [Path]
2023-06-01 18:13:55.161 [gateway-demo,,] [main] INFO  o.s.c.gateway.route.RouteDefinitionRouteLocator - Loaded RoutePredicateFactory [Query]
2023-06-01 18:13:55.161 [gateway-demo,,] [main] INFO  o.s.c.gateway.route.RouteDefinitionRouteLocator - Loaded RoutePredicateFactory [ReadBody]
2023-06-01 18:13:55.161 [gateway-demo,,] [main] INFO  o.s.c.gateway.route.RouteDefinitionRouteLocator - Loaded RoutePredicateFactory [RemoteAddr]
2023-06-01 18:13:55.161 [gateway-demo,,] [main] INFO  o.s.c.gateway.route.RouteDefinitionRouteLocator - Loaded RoutePredicateFactory [XForwardedRemoteAddr]
2023-06-01 18:13:55.161 [gateway-demo,,] [main] INFO  o.s.c.gateway.route.RouteDefinitionRouteLocator - Loaded RoutePredicateFactory [Weight]
2023-06-01 18:13:55.161 [gateway-demo,,] [main] INFO  o.s.c.gateway.route.RouteDefinitionRouteLocator - Loaded RoutePredicateFactory [CloudFoundryRouteService]
2023-06-01 18:13:55.766 [gateway-demo,,] [main] INFO  o.s.c.n.e.c.DiscoveryClientOptionalArgsConfiguration - Eureka HTTP Client uses RestTemplate.
2023-06-01 18:13:57.339 [gateway-demo,,] [main] INFO  org.springframework.cloud.commons.util.InetUtils - Cannot determine local hostname
2023-06-01 18:13:57.866 [gateway-demo,,] [main] INFO  o.s.cloud.netflix.eureka.InstanceInfoFactory - Setting initial instance status as: STARTING
2023-06-01 18:13:57.887 [gateway-demo,,] [main] INFO  com.netflix.discovery.DiscoveryClient - Initializing Eureka in region us-east-1
2023-06-01 18:13:57.890 [gateway-demo,,] [main] INFO  c.n.d.shared.resolver.aws.ConfigClusterResolver - Resolving eureka endpoints via configuration
2023-06-01 18:13:57.904 [gateway-demo,,] [main] INFO  com.netflix.discovery.DiscoveryClient - Disable delta property : false
2023-06-01 18:13:57.904 [gateway-demo,,] [main] INFO  com.netflix.discovery.DiscoveryClient - Single vip registry refresh property : null
2023-06-01 18:13:57.904 [gateway-demo,,] [main] INFO  com.netflix.discovery.DiscoveryClient - Force full registry fetch : false
2023-06-01 18:13:57.904 [gateway-demo,,] [main] INFO  com.netflix.discovery.DiscoveryClient - Application is null : false
2023-06-01 18:13:57.904 [gateway-demo,,] [main] INFO  com.netflix.discovery.DiscoveryClient - Registered Applications size is zero : true
2023-06-01 18:13:57.904 [gateway-demo,,] [main] INFO  com.netflix.discovery.DiscoveryClient - Application version is -1: true
2023-06-01 18:13:57.904 [gateway-demo,,] [main] INFO  com.netflix.discovery.DiscoveryClient - Getting all instance registry info from the eureka server
2023-06-01 18:13:58.456 [gateway-demo,,] [main] INFO  com.netflix.discovery.DiscoveryClient - The response status is 200
2023-06-01 18:13:58.458 [gateway-demo,,] [main] INFO  com.netflix.discovery.DiscoveryClient - Starting heartbeat executor: renew interval is: 30
2023-06-01 18:13:58.459 [gateway-demo,,] [main] INFO  com.netflix.discovery.InstanceInfoReplicator - InstanceInfoReplicator onDemand update allowed rate per min is 4
2023-06-01 18:13:58.463 [gateway-demo,,] [main] INFO  com.netflix.discovery.DiscoveryClient - Discovery Client initialized at timestamp 1685614438462 with initial instances count: 2
2023-06-01 18:13:58.465 [gateway-demo,,] [main] INFO  o.s.c.n.e.serviceregistry.EurekaServiceRegistry - Registering application GATEWAY-DEMO with eureka with status UP
2023-06-01 18:13:58.465 [gateway-demo,,] [main] INFO  com.netflix.discovery.DiscoveryClient - Saw local status change event StatusChangeEvent [timestamp=1685614438465, current=UP, previous=STARTING]
2023-06-01 18:13:58.467 [gateway-demo,,] [DiscoveryClient-InstanceInfoReplicator-0] INFO  com.netflix.discovery.DiscoveryClient - DiscoveryClient_GATEWAY-DEMO/localhost:gateway-demo:8081: registering service...
2023-06-01 18:13:58.501 [gateway-demo,,] [DiscoveryClient-InstanceInfoReplicator-0] INFO  com.netflix.discovery.DiscoveryClient - DiscoveryClient_GATEWAY-DEMO/localhost:gateway-demo:8081 - registration status: 204
2023-06-01 18:13:58.529 [gateway-demo,,] [main] INFO  o.s.boot.web.embedded.netty.NettyWebServer - Netty started on port 8081
2023-06-01 18:13:58.530 [gateway-demo,,] [main] INFO  o.s.c.n.e.s.EurekaAutoServiceRegistration - Updating port to 8081
2023-06-01 18:13:59.937 [gateway-demo,,] [main] INFO  org.springframework.cloud.commons.util.InetUtils - Cannot determine local hostname
2023-06-01 18:14:01.444 [gateway-demo,,] [main] INFO  org.springframework.cloud.commons.util.InetUtils - Cannot determine local hostname
2023-06-01 18:14:01.485 [gateway-demo,,] [main] INFO  com.GatewayApplication - Started GatewayApplication in 13.601 seconds (JVM running for 14.553)
2023-06-01 18:18:57.920 [gateway-demo,,] [AsyncResolver-bootstrap-executor-0] INFO  c.n.d.shared.resolver.aws.ConfigClusterResolver - Resolving eureka endpoints via configuration
2023-06-01 18:23:57.928 [gateway-demo,,] [AsyncResolver-bootstrap-executor-0] INFO  c.n.d.shared.resolver.aws.ConfigClusterResolver - Resolving eureka endpoints via configuration
2023-06-01 18:28:57.931 [gateway-demo,,] [AsyncResolver-bootstrap-executor-0] INFO  c.n.d.shared.resolver.aws.ConfigClusterResolver - Resolving eureka endpoints via configuration
2023-06-01 18:33:57.936 [gateway-demo,,] [AsyncResolver-bootstrap-executor-0] INFO  c.n.d.shared.resolver.aws.ConfigClusterResolver - Resolving eureka endpoints via configuration
2023-06-01 18:38:57.940 [gateway-demo,,] [AsyncResolver-bootstrap-executor-0] INFO  c.n.d.shared.resolver.aws.ConfigClusterResolver - Resolving eureka endpoints via configuration
2023-06-01 18:43:57.941 [gateway-demo,,] [AsyncResolver-bootstrap-executor-0] INFO  c.n.d.shared.resolver.aws.ConfigClusterResolver - Resolving eureka endpoints via configuration
2023-06-01 18:48:57.947 [gateway-demo,,] [AsyncResolver-bootstrap-executor-0] INFO  c.n.d.shared.resolver.aws.ConfigClusterResolver - Resolving eureka endpoints via configuration
2023-06-01 18:53:57.951 [gateway-demo,,] [AsyncResolver-bootstrap-executor-0] INFO  c.n.d.shared.resolver.aws.ConfigClusterResolver - Resolving eureka endpoints via configuration
2023-06-01 18:58:57.954 [gateway-demo,,] [AsyncResolver-bootstrap-executor-0] INFO  c.n.d.shared.resolver.aws.ConfigClusterResolver - Resolving eureka endpoints via configuration
2023-06-01 19:03:57.966 [gateway-demo,,] [AsyncResolver-bootstrap-executor-0] INFO  c.n.d.shared.resolver.aws.ConfigClusterResolver - Resolving eureka endpoints via configuration
2023-06-01 19:08:57.974 [gateway-demo,,] [AsyncResolver-bootstrap-executor-0] INFO  c.n.d.shared.resolver.aws.ConfigClusterResolver - Resolving eureka endpoints via configuration
2023-06-01 19:13:57.990 [gateway-demo,,] [AsyncResolver-bootstrap-executor-0] INFO  c.n.d.shared.resolver.aws.ConfigClusterResolver - Resolving eureka endpoints via configuration
2023-06-01 19:18:57.995 [gateway-demo,,] [AsyncResolver-bootstrap-executor-0] INFO  c.n.d.shared.resolver.aws.ConfigClusterResolver - Resolving eureka endpoints via configuration
2023-06-01 19:23:58.001 [gateway-demo,,] [AsyncResolver-bootstrap-executor-0] INFO  c.n.d.shared.resolver.aws.ConfigClusterResolver - Resolving eureka endpoints via configuration
2023-06-01 19:28:58.024 [gateway-demo,,] [AsyncResolver-bootstrap-executor-0] INFO  c.n.d.shared.resolver.aws.ConfigClusterResolver - Resolving eureka endpoints via configuration
2023-06-01 19:33:58.036 [gateway-demo,,] [AsyncResolver-bootstrap-executor-0] INFO  c.n.d.shared.resolver.aws.ConfigClusterResolver - Resolving eureka endpoints via configuration
2023-06-01 19:38:58.044 [gateway-demo,,] [AsyncResolver-bootstrap-executor-0] INFO  c.n.d.shared.resolver.aws.ConfigClusterResolver - Resolving eureka endpoints via configuration
2023-06-01 19:43:25.052 [gateway-demo,,] [Thread-18] INFO  o.s.c.s.autoconfig.zipkin2.ZipkinAutoConfiguration - Flushing remaining spans on shutdown
2023-06-01 19:43:25.077 [gateway-demo,,] [SpringApplicationShutdownHook] INFO  o.s.c.n.e.serviceregistry.EurekaServiceRegistry - Unregistering application GATEWAY-DEMO with eureka with status DOWN
2023-06-01 19:43:25.077 [gateway-demo,,] [SpringApplicationShutdownHook] INFO  com.netflix.discovery.DiscoveryClient - Saw local status change event StatusChangeEvent [timestamp=1685619805077, current=DOWN, previous=UP]
2023-06-01 19:43:25.079 [gateway-demo,,] [DiscoveryClient-InstanceInfoReplicator-0] INFO  com.netflix.discovery.DiscoveryClient - DiscoveryClient_GATEWAY-DEMO/localhost:gateway-demo:8081: registering service...
2023-06-01 19:43:25.107 [gateway-demo,,] [DiscoveryClient-InstanceInfoReplicator-0] INFO  com.netflix.discovery.DiscoveryClient - DiscoveryClient_GATEWAY-DEMO/localhost:gateway-demo:8081 - registration status: 204
2023-06-01 19:43:28.278 [gateway-demo,,] [SpringApplicationShutdownHook] INFO  com.netflix.discovery.DiscoveryClient - Shutting down DiscoveryClient ...
2023-06-01 19:43:31.289 [gateway-demo,,] [SpringApplicationShutdownHook] INFO  com.netflix.discovery.DiscoveryClient - Unregistering ...
2023-06-01 19:43:35.359 [gateway-demo,,] [SpringApplicationShutdownHook] INFO  c.n.d.s.t.decorator.RedirectingEurekaHttpClient - Request execution error. endpoint=DefaultEndpoint{ serviceUrl='http://localhost:7001/eureka/} exception=I/O error on DELETE request for "http://localhost:7001/eureka/apps/GATEWAY-DEMO/localhost:gateway-demo:8081": Connect to localhost:7001 [localhost/127.0.0.1, localhost/0:0:0:0:0:0:0:1] failed: Connection refused: connect; nested exception is org.apache.http.conn.HttpHostConnectException: Connect to localhost:7001 [localhost/127.0.0.1, localhost/0:0:0:0:0:0:0:1] failed: Connection refused: connect stacktrace=org.springframework.web.client.ResourceAccessException: I/O error on DELETE request for "http://localhost:7001/eureka/apps/GATEWAY-DEMO/localhost:gateway-demo:8081": Connect to localhost:7001 [localhost/127.0.0.1, localhost/0:0:0:0:0:0:0:1] failed: Connection refused: connect; nested exception is org.apache.http.conn.HttpHostConnectException: Connect to localhost:7001 [localhost/127.0.0.1, localhost/0:0:0:0:0:0:0:1] failed: Connection refused: connect
	at org.springframework.web.client.RestTemplate.doExecute(RestTemplate.java:791)
	at org.springframework.web.client.RestTemplate.execute(RestTemplate.java:717)
	at org.springframework.web.client.RestTemplate.exchange(RestTemplate.java:608)
	at org.springframework.cloud.netflix.eureka.http.RestTemplateEurekaHttpClient.cancel(RestTemplateEurekaHttpClient.java:87)
	at com.netflix.discovery.shared.transport.decorator.EurekaHttpClientDecorator$2.execute(EurekaHttpClientDecorator.java:74)
	at com.netflix.discovery.shared.transport.decorator.RedirectingEurekaHttpClient.execute(RedirectingEurekaHttpClient.java:91)
	at com.netflix.discovery.shared.transport.decorator.EurekaHttpClientDecorator.cancel(EurekaHttpClientDecorator.java:71)
	at com.netflix.discovery.shared.transport.decorator.EurekaHttpClientDecorator$2.execute(EurekaHttpClientDecorator.java:74)
	at com.netflix.discovery.shared.transport.decorator.RetryableEurekaHttpClient.execute(RetryableEurekaHttpClient.java:120)
	at com.netflix.discovery.shared.transport.decorator.EurekaHttpClientDecorator.cancel(EurekaHttpClientDecorator.java:71)
	at com.netflix.discovery.shared.transport.decorator.EurekaHttpClientDecorator$2.execute(EurekaHttpClientDecorator.java:74)
	at com.netflix.discovery.shared.transport.decorator.SessionedEurekaHttpClient.execute(SessionedEurekaHttpClient.java:77)
	at com.netflix.discovery.shared.transport.decorator.EurekaHttpClientDecorator.cancel(EurekaHttpClientDecorator.java:71)
	at com.netflix.discovery.DiscoveryClient.unregister(DiscoveryClient.java:972)
	at com.netflix.discovery.DiscoveryClient.shutdown(DiscoveryClient.java:948)
	at sun.reflect.NativeMethodAccessorImpl.invoke0(Native Method)
	at sun.reflect.NativeMethodAccessorImpl.invoke(NativeMethodAccessorImpl.java:62)
	at sun.reflect.DelegatingMethodAccessorImpl.invoke(DelegatingMethodAccessorImpl.java:43)
	at java.lang.reflect.Method.invoke(Method.java:498)
	at org.springframework.beans.factory.annotation.InitDestroyAnnotationBeanPostProcessor$LifecycleElement.invoke(InitDestroyAnnotationBeanPostProcessor.java:389)
	at org.springframework.beans.factory.annotation.InitDestroyAnnotationBeanPostProcessor$LifecycleMetadata.invokeDestroyMethods(InitDestroyAnnotationBeanPostProcessor.java:347)
	at org.springframework.beans.factory.annotation.InitDestroyAnnotationBeanPostProcessor.postProcessBeforeDestruction(InitDestroyAnnotationBeanPostProcessor.java:177)
	at org.springframework.beans.factory.support.DisposableBeanAdapter.destroy(DisposableBeanAdapter.java:197)
	at org.springframework.beans.factory.support.DisposableBeanAdapter.run(DisposableBeanAdapter.java:190)
	at org.springframework.cloud.context.scope.GenericScope$BeanLifecycleWrapper.destroy(GenericScope.java:390)
	at org.springframework.cloud.context.scope.GenericScope.destroy(GenericScope.java:136)
	at org.springframework.beans.factory.support.DisposableBeanAdapter.destroy(DisposableBeanAdapter.java:213)
	at org.springframework.beans.factory.support.DefaultSingletonBeanRegistry.destroyBean(DefaultSingletonBeanRegistry.java:587)
	at org.springframework.beans.factory.support.DefaultSingletonBeanRegistry.destroySingleton(DefaultSingletonBeanRegistry.java:559)
	at org.springframework.beans.factory.support.DefaultListableBeanFactory.destroySingleton(DefaultListableBeanFactory.java:1163)
	at org.springframework.beans.factory.support.DefaultSingletonBeanRegistry.destroySingletons(DefaultSingletonBeanRegistry.java:520)
	at org.springframework.beans.factory.support.DefaultListableBeanFactory.destroySingletons(DefaultListableBeanFactory.java:1156)
	at org.springframework.context.support.AbstractApplicationContext.destroyBeans(AbstractApplicationContext.java:1106)
	at org.springframework.context.support.AbstractApplicationContext.doClose(AbstractApplicationContext.java:1075)
	at org.springframework.boot.web.reactive.context.ReactiveWebServerApplicationContext.doClose(ReactiveWebServerApplicationContext.java:149)
	at org.springframework.context.support.AbstractApplicationContext.close(AbstractApplicationContext.java:1021)
	at org.springframework.boot.SpringApplicationShutdownHook.closeAndWait(SpringApplicationShutdownHook.java:145)
	at java.lang.Iterable.forEach(Iterable.java:75)
	at org.springframework.boot.SpringApplicationShutdownHook.run(SpringApplicationShutdownHook.java:114)
	at java.lang.Thread.run(Thread.java:750)
Caused by: org.apache.http.conn.HttpHostConnectException: Connect to localhost:7001 [localhost/127.0.0.1, localhost/0:0:0:0:0:0:0:1] failed: Connection refused: connect
	at org.apache.http.impl.conn.DefaultHttpClientConnectionOperator.connect(DefaultHttpClientConnectionOperator.java:156)
	at org.apache.http.impl.conn.PoolingHttpClientConnectionManager.connect(PoolingHttpClientConnectionManager.java:376)
	at org.apache.http.impl.execchain.MainClientExec.establishRoute(MainClientExec.java:393)
	at org.apache.http.impl.execchain.MainClientExec.execute(MainClientExec.java:236)
	at org.apache.http.impl.execchain.ProtocolExec.execute(ProtocolExec.java:186)
	at org.apache.http.impl.execchain.RetryExec.execute(RetryExec.java:89)
	at org.apache.http.impl.execchain.RedirectExec.execute(RedirectExec.java:110)
	at org.apache.http.impl.client.InternalHttpClient.doExecute(InternalHttpClient.java:185)
	at org.apache.http.impl.client.CloseableHttpClient.execute(CloseableHttpClient.java:83)
	at org.apache.http.impl.client.CloseableHttpClient.execute(CloseableHttpClient.java:56)
	at org.springframework.http.client.HttpComponentsClientHttpRequest.executeInternal(HttpComponentsClientHttpRequest.java:87)
	at org.springframework.http.client.AbstractBufferingClientHttpRequest.executeInternal(AbstractBufferingClientHttpRequest.java:48)
	at org.springframework.http.client.AbstractClientHttpRequest.execute(AbstractClientHttpRequest.java:66)
	at org.springframework.web.client.RestTemplate.doExecute(RestTemplate.java:782)
	... 39 more
Caused by: java.net.ConnectException: Connection refused: connect
	at java.net.DualStackPlainSocketImpl.connect0(Native Method)
	at java.net.DualStackPlainSocketImpl.socketConnect(DualStackPlainSocketImpl.java:75)
	at java.net.AbstractPlainSocketImpl.doConnect(AbstractPlainSocketImpl.java:476)
	at java.net.AbstractPlainSocketImpl.connectToAddress(AbstractPlainSocketImpl.java:218)
	at java.net.AbstractPlainSocketImpl.connect(AbstractPlainSocketImpl.java:200)
	at java.net.PlainSocketImpl.connect(PlainSocketImpl.java:162)
	at java.net.SocksSocketImpl.connect(SocksSocketImpl.java:394)
	at java.net.Socket.connect(Socket.java:606)
	at org.apache.http.conn.socket.PlainConnectionSocketFactory.connectSocket(PlainConnectionSocketFactory.java:75)
	at org.apache.http.impl.conn.DefaultHttpClientConnectionOperator.connect(DefaultHttpClientConnectionOperator.java:142)
	... 52 more

2023-06-01 19:43:39.476 [gateway-demo,,] [SpringApplicationShutdownHook] INFO  c.n.d.s.t.decorator.RedirectingEurekaHttpClient - Request execution error. endpoint=DefaultEndpoint{ serviceUrl='http://localhost:7001/eureka/}, exception=I/O error on DELETE request for "http://localhost:7001/eureka/apps/GATEWAY-DEMO/localhost:gateway-demo:8081": Connect to localhost:7001 [localhost/127.0.0.1, localhost/0:0:0:0:0:0:0:1] failed: Connection refused: connect; nested exception is org.apache.http.conn.HttpHostConnectException: Connect to localhost:7001 [localhost/127.0.0.1, localhost/0:0:0:0:0:0:0:1] failed: Connection refused: connect stacktrace=org.springframework.web.client.ResourceAccessException: I/O error on DELETE request for "http://localhost:7001/eureka/apps/GATEWAY-DEMO/localhost:gateway-demo:8081": Connect to localhost:7001 [localhost/127.0.0.1, localhost/0:0:0:0:0:0:0:1] failed: Connection refused: connect; nested exception is org.apache.http.conn.HttpHostConnectException: Connect to localhost:7001 [localhost/127.0.0.1, localhost/0:0:0:0:0:0:0:1] failed: Connection refused: connect
	at org.springframework.web.client.RestTemplate.doExecute(RestTemplate.java:791)
	at org.springframework.web.client.RestTemplate.execute(RestTemplate.java:717)
	at org.springframework.web.client.RestTemplate.exchange(RestTemplate.java:608)
	at org.springframework.cloud.netflix.eureka.http.RestTemplateEurekaHttpClient.cancel(RestTemplateEurekaHttpClient.java:87)
	at com.netflix.discovery.shared.transport.decorator.EurekaHttpClientDecorator$2.execute(EurekaHttpClientDecorator.java:74)
	at com.netflix.discovery.shared.transport.decorator.RedirectingEurekaHttpClient.executeOnNewServer(RedirectingEurekaHttpClient.java:121)
	at com.netflix.discovery.shared.transport.decorator.RedirectingEurekaHttpClient.execute(RedirectingEurekaHttpClient.java:80)
	at com.netflix.discovery.shared.transport.decorator.EurekaHttpClientDecorator.cancel(EurekaHttpClientDecorator.java:71)
	at com.netflix.discovery.shared.transport.decorator.EurekaHttpClientDecorator$2.execute(EurekaHttpClientDecorator.java:74)
	at com.netflix.discovery.shared.transport.decorator.RetryableEurekaHttpClient.execute(RetryableEurekaHttpClient.java:120)
	at com.netflix.discovery.shared.transport.decorator.EurekaHttpClientDecorator.cancel(EurekaHttpClientDecorator.java:71)
	at com.netflix.discovery.shared.transport.decorator.EurekaHttpClientDecorator$2.execute(EurekaHttpClientDecorator.java:74)
	at com.netflix.discovery.shared.transport.decorator.SessionedEurekaHttpClient.execute(SessionedEurekaHttpClient.java:77)
	at com.netflix.discovery.shared.transport.decorator.EurekaHttpClientDecorator.cancel(EurekaHttpClientDecorator.java:71)
	at com.netflix.discovery.DiscoveryClient.unregister(DiscoveryClient.java:972)
	at com.netflix.discovery.DiscoveryClient.shutdown(DiscoveryClient.java:948)
	at sun.reflect.NativeMethodAccessorImpl.invoke0(Native Method)
	at sun.reflect.NativeMethodAccessorImpl.invoke(NativeMethodAccessorImpl.java:62)
	at sun.reflect.DelegatingMethodAccessorImpl.invoke(DelegatingMethodAccessorImpl.java:43)
	at java.lang.reflect.Method.invoke(Method.java:498)
	at org.springframework.beans.factory.annotation.InitDestroyAnnotationBeanPostProcessor$LifecycleElement.invoke(InitDestroyAnnotationBeanPostProcessor.java:389)
	at org.springframework.beans.factory.annotation.InitDestroyAnnotationBeanPostProcessor$LifecycleMetadata.invokeDestroyMethods(InitDestroyAnnotationBeanPostProcessor.java:347)
	at org.springframework.beans.factory.annotation.InitDestroyAnnotationBeanPostProcessor.postProcessBeforeDestruction(InitDestroyAnnotationBeanPostProcessor.java:177)
	at org.springframework.beans.factory.support.DisposableBeanAdapter.destroy(DisposableBeanAdapter.java:197)
	at org.springframework.beans.factory.support.DisposableBeanAdapter.run(DisposableBeanAdapter.java:190)
	at org.springframework.cloud.context.scope.GenericScope$BeanLifecycleWrapper.destroy(GenericScope.java:390)
	at org.springframework.cloud.context.scope.GenericScope.destroy(GenericScope.java:136)
	at org.springframework.beans.factory.support.DisposableBeanAdapter.destroy(DisposableBeanAdapter.java:213)
	at org.springframework.beans.factory.support.DefaultSingletonBeanRegistry.destroyBean(DefaultSingletonBeanRegistry.java:587)
	at org.springframework.beans.factory.support.DefaultSingletonBeanRegistry.destroySingleton(DefaultSingletonBeanRegistry.java:559)
	at org.springframework.beans.factory.support.DefaultListableBeanFactory.destroySingleton(DefaultListableBeanFactory.java:1163)
	at org.springframework.beans.factory.support.DefaultSingletonBeanRegistry.destroySingletons(DefaultSingletonBeanRegistry.java:520)
	at org.springframework.beans.factory.support.DefaultListableBeanFactory.destroySingletons(DefaultListableBeanFactory.java:1156)
	at org.springframework.context.support.AbstractApplicationContext.destroyBeans(AbstractApplicationContext.java:1106)
	at org.springframework.context.support.AbstractApplicationContext.doClose(AbstractApplicationContext.java:1075)
	at org.springframework.boot.web.reactive.context.ReactiveWebServerApplicationContext.doClose(ReactiveWebServerApplicationContext.java:149)
	at org.springframework.context.support.AbstractApplicationContext.close(AbstractApplicationContext.java:1021)
	at org.springframework.boot.SpringApplicationShutdownHook.closeAndWait(SpringApplicationShutdownHook.java:145)
	at java.lang.Iterable.forEach(Iterable.java:75)
	at org.springframework.boot.SpringApplicationShutdownHook.run(SpringApplicationShutdownHook.java:114)
	at java.lang.Thread.run(Thread.java:750)
Caused by: org.apache.http.conn.HttpHostConnectException: Connect to localhost:7001 [localhost/127.0.0.1, localhost/0:0:0:0:0:0:0:1] failed: Connection refused: connect
	at org.apache.http.impl.conn.DefaultHttpClientConnectionOperator.connect(DefaultHttpClientConnectionOperator.java:156)
	at org.apache.http.impl.conn.PoolingHttpClientConnectionManager.connect(PoolingHttpClientConnectionManager.java:376)
	at org.apache.http.impl.execchain.MainClientExec.establishRoute(MainClientExec.java:393)
	at org.apache.http.impl.execchain.MainClientExec.execute(MainClientExec.java:236)
	at org.apache.http.impl.execchain.ProtocolExec.execute(ProtocolExec.java:186)
	at org.apache.http.impl.execchain.RetryExec.execute(RetryExec.java:89)
	at org.apache.http.impl.execchain.RedirectExec.execute(RedirectExec.java:110)
	at org.apache.http.impl.client.InternalHttpClient.doExecute(InternalHttpClient.java:185)
	at org.apache.http.impl.client.CloseableHttpClient.execute(CloseableHttpClient.java:83)
	at org.apache.http.impl.client.CloseableHttpClient.execute(CloseableHttpClient.java:56)
	at org.springframework.http.client.HttpComponentsClientHttpRequest.executeInternal(HttpComponentsClientHttpRequest.java:87)
	at org.springframework.http.client.AbstractBufferingClientHttpRequest.executeInternal(AbstractBufferingClientHttpRequest.java:48)
	at org.springframework.http.client.AbstractClientHttpRequest.execute(AbstractClientHttpRequest.java:66)
	at org.springframework.web.client.RestTemplate.doExecute(RestTemplate.java:782)
	... 40 more
Caused by: java.net.ConnectException: Connection refused: connect
	at java.net.DualStackPlainSocketImpl.connect0(Native Method)
	at java.net.DualStackPlainSocketImpl.socketConnect(DualStackPlainSocketImpl.java:75)
	at java.net.AbstractPlainSocketImpl.doConnect(AbstractPlainSocketImpl.java:476)
	at java.net.AbstractPlainSocketImpl.connectToAddress(AbstractPlainSocketImpl.java:218)
	at java.net.AbstractPlainSocketImpl.connect(AbstractPlainSocketImpl.java:200)
	at java.net.PlainSocketImpl.connect(PlainSocketImpl.java:162)
	at java.net.SocksSocketImpl.connect(SocksSocketImpl.java:394)
	at java.net.Socket.connect(Socket.java:606)
	at org.apache.http.conn.socket.PlainConnectionSocketFactory.connectSocket(PlainConnectionSocketFactory.java:75)
	at org.apache.http.impl.conn.DefaultHttpClientConnectionOperator.connect(DefaultHttpClientConnectionOperator.java:142)
	... 53 more

2023-06-01 19:43:39.491 [gateway-demo,,] [SpringApplicationShutdownHook] INFO  com.netflix.discovery.DiscoveryClient - Completed shut down of DiscoveryClient
