2023-06-01 18:11:44.773 [applicationName_IS_UNDEFINED,,] [main] ERROR org.springframework.boot.SpringApplication - Application run failed
org.yaml.snakeyaml.error.YAMLException: java.nio.charset.MalformedInputException: Input length = 1
	at org.yaml.snakeyaml.reader.StreamReader.update(StreamReader.java:218)
	at org.yaml.snakeyaml.reader.StreamReader.ensureEnoughData(StreamReader.java:176)
	at org.yaml.snakeyaml.reader.StreamReader.peek(StreamReader.java:136)
	at org.yaml.snakeyaml.scanner.ScannerImpl.scanPlain(ScannerImpl.java:2074)
	at org.yaml.snakeyaml.scanner.ScannerImpl.fetchPlain(ScannerImpl.java:1085)
	at org.yaml.snakeyaml.scanner.ScannerImpl.fetchMoreTokens(ScannerImpl.java:441)
	at org.yaml.snakeyaml.scanner.ScannerImpl.checkToken(ScannerImpl.java:251)
	at org.yaml.snakeyaml.parser.ParserImpl$ParseBlockMappingValue.produce(ParserImpl.java:660)
	at org.yaml.snakeyaml.parser.ParserImpl.peekEvent(ParserImpl.java:166)
	at org.yaml.snakeyaml.comments.CommentEventsCollector$1.peek(CommentEventsCollector.java:59)
	at org.yaml.snakeyaml.comments.CommentEventsCollector$1.peek(CommentEventsCollector.java:45)
	at org.yaml.snakeyaml.comments.CommentEventsCollector.collectEvents(CommentEventsCollector.java:140)
	at org.yaml.snakeyaml.comments.CommentEventsCollector.collectEvents(CommentEventsCollector.java:119)
	at org.yaml.snakeyaml.composer.Composer.composeScalarNode(Composer.java:214)
	at org.yaml.snakeyaml.composer.Composer.composeNode(Composer.java:184)
	at org.yaml.snakeyaml.composer.Composer.composeKeyNode(Composer.java:310)
	at org.yaml.snakeyaml.composer.Composer.composeMappingChildren(Composer.java:301)
	at org.yaml.snakeyaml.composer.Composer.composeMappingNode(Composer.java:286)
	at org.yaml.snakeyaml.composer.Composer.composeNode(Composer.java:188)
	at org.yaml.snakeyaml.composer.Composer.composeValueNode(Composer.java:314)
	at org.yaml.snakeyaml.composer.Composer.composeMappingChildren(Composer.java:305)
	at org.yaml.snakeyaml.composer.Composer.composeMappingNode(Composer.java:286)
	at org.yaml.snakeyaml.composer.Composer.composeNode(Composer.java:188)
	at org.yaml.snakeyaml.composer.Composer.composeValueNode(Composer.java:314)
	at org.yaml.snakeyaml.composer.Composer.composeMappingChildren(Composer.java:305)
	at org.yaml.snakeyaml.composer.Composer.composeMappingNode(Composer.java:286)
	at org.yaml.snakeyaml.composer.Composer.composeNode(Composer.java:188)
	at org.yaml.snakeyaml.composer.Composer.getNode(Composer.java:115)
	at org.yaml.snakeyaml.constructor.BaseConstructor.getData(BaseConstructor.java:135)
	at org.springframework.boot.env.OriginTrackedYamlLoader$OriginTrackingConstructor.getData(OriginTrackedYamlLoader.java:103)
	at org.yaml.snakeyaml.Yaml$1.next(Yaml.java:514)
	at org.springframework.beans.factory.config.YamlProcessor.process(YamlProcessor.java:198)
	at org.springframework.beans.factory.config.YamlProcessor.process(YamlProcessor.java:166)
	at org.springframework.boot.env.OriginTrackedYamlLoader.load(OriginTrackedYamlLoader.java:88)
	at org.springframework.boot.env.YamlPropertySourceLoader.load(YamlPropertySourceLoader.java:50)
	at org.springframework.boot.context.config.StandardConfigDataLoader.load(StandardConfigDataLoader.java:54)
	at org.springframework.boot.context.config.StandardConfigDataLoader.load(StandardConfigDataLoader.java:36)
	at org.springframework.boot.context.config.ConfigDataLoaders.load(ConfigDataLoaders.java:107)
	at org.springframework.boot.context.config.ConfigDataImporter.load(ConfigDataImporter.java:128)
	at org.springframework.boot.context.config.ConfigDataImporter.resolveAndLoad(ConfigDataImporter.java:86)
	at org.springframework.boot.context.config.ConfigDataEnvironmentContributors.withProcessedImports(ConfigDataEnvironmentContributors.java:116)
	at org.springframework.boot.context.config.ConfigDataEnvironment.processInitial(ConfigDataEnvironment.java:240)
	at org.springframework.boot.context.config.ConfigDataEnvironment.processAndApply(ConfigDataEnvironment.java:227)
	at org.springframework.boot.context.config.ConfigDataEnvironmentPostProcessor.postProcessEnvironment(ConfigDataEnvironmentPostProcessor.java:102)
	at org.springframework.boot.context.config.ConfigDataEnvironmentPostProcessor.postProcessEnvironment(ConfigDataEnvironmentPostProcessor.java:94)
	at org.springframework.boot.env.EnvironmentPostProcessorApplicationListener.onApplicationEnvironmentPreparedEvent(EnvironmentPostProcessorApplicationListener.java:102)
	at org.springframework.boot.env.EnvironmentPostProcessorApplicationListener.onApplicationEvent(EnvironmentPostProcessorApplicationListener.java:87)
	at org.springframework.context.event.SimpleApplicationEventMulticaster.doInvokeListener(SimpleApplicationEventMulticaster.java:176)
	at org.springframework.context.event.SimpleApplicationEventMulticaster.invokeListener(SimpleApplicationEventMulticaster.java:169)
	at org.springframework.context.event.SimpleApplicationEventMulticaster.multicastEvent(SimpleApplicationEventMulticaster.java:143)
	at org.springframework.context.event.SimpleApplicationEventMulticaster.multicastEvent(SimpleApplicationEventMulticaster.java:131)
	at org.springframework.boot.context.event.EventPublishingRunListener.environmentPrepared(EventPublishingRunListener.java:85)
	at org.springframework.boot.SpringApplicationRunListeners.lambda$environmentPrepared$2(SpringApplicationRunListeners.java:66)
	at java.util.ArrayList.forEach(ArrayList.java:1259)
	at org.springframework.boot.SpringApplicationRunListeners.doWithListeners(SpringApplicationRunListeners.java:120)
	at org.springframework.boot.SpringApplicationRunListeners.doWithListeners(SpringApplicationRunListeners.java:114)
	at org.springframework.boot.SpringApplicationRunListeners.environmentPrepared(SpringApplicationRunListeners.java:65)
	at org.springframework.boot.SpringApplication.prepareEnvironment(SpringApplication.java:343)
	at org.springframework.boot.SpringApplication.run(SpringApplication.java:301)
	at org.springframework.boot.SpringApplication.run(SpringApplication.java:1303)
	at org.springframework.boot.SpringApplication.run(SpringApplication.java:1292)
	at com.GatewayApplication.main(GatewayApplication.java:19)
Caused by: java.nio.charset.MalformedInputException: Input length = 1
	at java.nio.charset.CoderResult.throwException(CoderResult.java:281)
	at sun.nio.cs.StreamDecoder.implRead(StreamDecoder.java:339)
	at sun.nio.cs.StreamDecoder.read(StreamDecoder.java:178)
	at java.io.InputStreamReader.read(InputStreamReader.java:184)
	at org.yaml.snakeyaml.reader.UnicodeReader.read(UnicodeReader.java:125)
	at org.yaml.snakeyaml.reader.StreamReader.update(StreamReader.java:183)
	... 61 common frames omitted
2023-06-01 18:12:59.703 [applicationName_IS_UNDEFINED,,] [main] ERROR org.springframework.boot.SpringApplication - Application run failed
org.yaml.snakeyaml.error.YAMLException: java.nio.charset.MalformedInputException: Input length = 1
	at org.yaml.snakeyaml.reader.StreamReader.update(StreamReader.java:218)
	at org.yaml.snakeyaml.reader.StreamReader.ensureEnoughData(StreamReader.java:176)
	at org.yaml.snakeyaml.reader.StreamReader.peek(StreamReader.java:136)
	at org.yaml.snakeyaml.scanner.ScannerImpl.scanPlain(ScannerImpl.java:2074)
	at org.yaml.snakeyaml.scanner.ScannerImpl.fetchPlain(ScannerImpl.java:1085)
	at org.yaml.snakeyaml.scanner.ScannerImpl.fetchMoreTokens(ScannerImpl.java:441)
	at org.yaml.snakeyaml.scanner.ScannerImpl.checkToken(ScannerImpl.java:251)
	at org.yaml.snakeyaml.parser.ParserImpl$ParseBlockMappingValue.produce(ParserImpl.java:660)
	at org.yaml.snakeyaml.parser.ParserImpl.peekEvent(ParserImpl.java:166)
	at org.yaml.snakeyaml.comments.CommentEventsCollector$1.peek(CommentEventsCollector.java:59)
	at org.yaml.snakeyaml.comments.CommentEventsCollector$1.peek(CommentEventsCollector.java:45)
	at org.yaml.snakeyaml.comments.CommentEventsCollector.collectEvents(CommentEventsCollector.java:140)
	at org.yaml.snakeyaml.comments.CommentEventsCollector.collectEvents(CommentEventsCollector.java:119)
	at org.yaml.snakeyaml.composer.Composer.composeScalarNode(Composer.java:214)
	at org.yaml.snakeyaml.composer.Composer.composeNode(Composer.java:184)
	at org.yaml.snakeyaml.composer.Composer.composeKeyNode(Composer.java:310)
	at org.yaml.snakeyaml.composer.Composer.composeMappingChildren(Composer.java:301)
	at org.yaml.snakeyaml.composer.Composer.composeMappingNode(Composer.java:286)
	at org.yaml.snakeyaml.composer.Composer.composeNode(Composer.java:188)
	at org.yaml.snakeyaml.composer.Composer.composeValueNode(Composer.java:314)
	at org.yaml.snakeyaml.composer.Composer.composeMappingChildren(Composer.java:305)
	at org.yaml.snakeyaml.composer.Composer.composeMappingNode(Composer.java:286)
	at org.yaml.snakeyaml.composer.Composer.composeNode(Composer.java:188)
	at org.yaml.snakeyaml.composer.Composer.composeValueNode(Composer.java:314)
	at org.yaml.snakeyaml.composer.Composer.composeMappingChildren(Composer.java:305)
	at org.yaml.snakeyaml.composer.Composer.composeMappingNode(Composer.java:286)
	at org.yaml.snakeyaml.composer.Composer.composeNode(Composer.java:188)
	at org.yaml.snakeyaml.composer.Composer.getNode(Composer.java:115)
	at org.yaml.snakeyaml.constructor.BaseConstructor.getData(BaseConstructor.java:135)
	at org.springframework.boot.env.OriginTrackedYamlLoader$OriginTrackingConstructor.getData(OriginTrackedYamlLoader.java:103)
	at org.yaml.snakeyaml.Yaml$1.next(Yaml.java:514)
	at org.springframework.beans.factory.config.YamlProcessor.process(YamlProcessor.java:198)
	at org.springframework.beans.factory.config.YamlProcessor.process(YamlProcessor.java:166)
	at org.springframework.boot.env.OriginTrackedYamlLoader.load(OriginTrackedYamlLoader.java:88)
	at org.springframework.boot.env.YamlPropertySourceLoader.load(YamlPropertySourceLoader.java:50)
	at org.springframework.boot.context.config.StandardConfigDataLoader.load(StandardConfigDataLoader.java:54)
	at org.springframework.boot.context.config.StandardConfigDataLoader.load(StandardConfigDataLoader.java:36)
	at org.springframework.boot.context.config.ConfigDataLoaders.load(ConfigDataLoaders.java:107)
	at org.springframework.boot.context.config.ConfigDataImporter.load(ConfigDataImporter.java:128)
	at org.springframework.boot.context.config.ConfigDataImporter.resolveAndLoad(ConfigDataImporter.java:86)
	at org.springframework.boot.context.config.ConfigDataEnvironmentContributors.withProcessedImports(ConfigDataEnvironmentContributors.java:116)
	at org.springframework.boot.context.config.ConfigDataEnvironment.processInitial(ConfigDataEnvironment.java:240)
	at org.springframework.boot.context.config.ConfigDataEnvironment.processAndApply(ConfigDataEnvironment.java:227)
	at org.springframework.boot.context.config.ConfigDataEnvironmentPostProcessor.postProcessEnvironment(ConfigDataEnvironmentPostProcessor.java:102)
	at org.springframework.boot.context.config.ConfigDataEnvironmentPostProcessor.postProcessEnvironment(ConfigDataEnvironmentPostProcessor.java:94)
	at org.springframework.boot.env.EnvironmentPostProcessorApplicationListener.onApplicationEnvironmentPreparedEvent(EnvironmentPostProcessorApplicationListener.java:102)
	at org.springframework.boot.env.EnvironmentPostProcessorApplicationListener.onApplicationEvent(EnvironmentPostProcessorApplicationListener.java:87)
	at org.springframework.context.event.SimpleApplicationEventMulticaster.doInvokeListener(SimpleApplicationEventMulticaster.java:176)
	at org.springframework.context.event.SimpleApplicationEventMulticaster.invokeListener(SimpleApplicationEventMulticaster.java:169)
	at org.springframework.context.event.SimpleApplicationEventMulticaster.multicastEvent(SimpleApplicationEventMulticaster.java:143)
	at org.springframework.context.event.SimpleApplicationEventMulticaster.multicastEvent(SimpleApplicationEventMulticaster.java:131)
	at org.springframework.boot.context.event.EventPublishingRunListener.environmentPrepared(EventPublishingRunListener.java:85)
	at org.springframework.boot.SpringApplicationRunListeners.lambda$environmentPrepared$2(SpringApplicationRunListeners.java:66)
	at java.util.ArrayList.forEach(ArrayList.java:1259)
	at org.springframework.boot.SpringApplicationRunListeners.doWithListeners(SpringApplicationRunListeners.java:120)
	at org.springframework.boot.SpringApplicationRunListeners.doWithListeners(SpringApplicationRunListeners.java:114)
	at org.springframework.boot.SpringApplicationRunListeners.environmentPrepared(SpringApplicationRunListeners.java:65)
	at org.springframework.boot.SpringApplication.prepareEnvironment(SpringApplication.java:343)
	at org.springframework.boot.SpringApplication.run(SpringApplication.java:301)
	at org.springframework.boot.SpringApplication.run(SpringApplication.java:1303)
	at org.springframework.boot.SpringApplication.run(SpringApplication.java:1292)
	at com.GatewayApplication.main(GatewayApplication.java:19)
Caused by: java.nio.charset.MalformedInputException: Input length = 1
	at java.nio.charset.CoderResult.throwException(CoderResult.java:281)
	at sun.nio.cs.StreamDecoder.implRead(StreamDecoder.java:339)
	at sun.nio.cs.StreamDecoder.read(StreamDecoder.java:178)
	at java.io.InputStreamReader.read(InputStreamReader.java:184)
	at org.yaml.snakeyaml.reader.UnicodeReader.read(UnicodeReader.java:125)
	at org.yaml.snakeyaml.reader.StreamReader.update(StreamReader.java:183)
	... 61 common frames omitted
2023-06-01 19:43:39.480 [gateway-demo,,] [SpringApplicationShutdownHook] ERROR com.netflix.discovery.DiscoveryClient - DiscoveryClient_GATEWAY-DEMO/localhost:gateway-demo:8081 - de-registration failedCannot execute request on any known server
com.netflix.discovery.shared.transport.TransportException: Cannot execute request on any known server
	at com.netflix.discovery.shared.transport.decorator.RetryableEurekaHttpClient.execute(RetryableEurekaHttpClient.java:112)
	at com.netflix.discovery.shared.transport.decorator.EurekaHttpClientDecorator.cancel(EurekaHttpClientDecorator.java:71)
	at com.netflix.discovery.shared.transport.decorator.EurekaHttpClientDecorator$2.execute(EurekaHttpClientDecorator.java:74)
	at com.netflix.discovery.shared.transport.decorator.SessionedEurekaHttpClient.execute(SessionedEurekaHttpClient.java:77)
	at com.netflix.discovery.shared.transport.decorator.EurekaHttpClientDecorator.cancel(EurekaHttpClientDecorator.java:71)
	at com.netflix.discovery.DiscoveryClient.unregister(DiscoveryClient.java:972)
	at com.netflix.discovery.DiscoveryClient.shutdown(DiscoveryClient.java:948)
	at sun.reflect.NativeMethodAccessorImpl.invoke0(Native Method)
	at sun.reflect.NativeMethodAccessorImpl.invoke(NativeMethodAccessorImpl.java:62)
	at sun.reflect.DelegatingMethodAccessorImpl.invoke(DelegatingMethodAccessorImpl.java:43)
	at java.lang.reflect.Method.invoke(Method.java:498)
	at org.springframework.beans.factory.annotation.InitDestroyAnnotationBeanPostProcessor$LifecycleElement.invoke(InitDestroyAnnotationBeanPostProcessor.java:389)
	at org.springframework.beans.factory.annotation.InitDestroyAnnotationBeanPostProcessor$LifecycleMetadata.invokeDestroyMethods(InitDestroyAnnotationBeanPostProcessor.java:347)
	at org.springframework.beans.factory.annotation.InitDestroyAnnotationBeanPostProcessor.postProcessBeforeDestruction(InitDestroyAnnotationBeanPostProcessor.java:177)
	at org.springframework.beans.factory.support.DisposableBeanAdapter.destroy(DisposableBeanAdapter.java:197)
	at org.springframework.beans.factory.support.DisposableBeanAdapter.run(DisposableBeanAdapter.java:190)
	at org.springframework.cloud.context.scope.GenericScope$BeanLifecycleWrapper.destroy(GenericScope.java:390)
	at org.springframework.cloud.context.scope.GenericScope.destroy(GenericScope.java:136)
	at org.springframework.beans.factory.support.DisposableBeanAdapter.destroy(DisposableBeanAdapter.java:213)
	at org.springframework.beans.factory.support.DefaultSingletonBeanRegistry.destroyBean(DefaultSingletonBeanRegistry.java:587)
	at org.springframework.beans.factory.support.DefaultSingletonBeanRegistry.destroySingleton(DefaultSingletonBeanRegistry.java:559)
	at org.springframework.beans.factory.support.DefaultListableBeanFactory.destroySingleton(DefaultListableBeanFactory.java:1163)
	at org.springframework.beans.factory.support.DefaultSingletonBeanRegistry.destroySingletons(DefaultSingletonBeanRegistry.java:520)
	at org.springframework.beans.factory.support.DefaultListableBeanFactory.destroySingletons(DefaultListableBeanFactory.java:1156)
	at org.springframework.context.support.AbstractApplicationContext.destroyBeans(AbstractApplicationContext.java:1106)
	at org.springframework.context.support.AbstractApplicationContext.doClose(AbstractApplicationContext.java:1075)
	at org.springframework.boot.web.reactive.context.ReactiveWebServerApplicationContext.doClose(ReactiveWebServerApplicationContext.java:149)
	at org.springframework.context.support.AbstractApplicationContext.close(AbstractApplicationContext.java:1021)
	at org.springframework.boot.SpringApplicationShutdownHook.closeAndWait(SpringApplicationShutdownHook.java:145)
	at java.lang.Iterable.forEach(Iterable.java:75)
	at org.springframework.boot.SpringApplicationShutdownHook.run(SpringApplicationShutdownHook.java:114)
	at java.lang.Thread.run(Thread.java:750)
