2023-06-01 18:03:47.829 [springcloud-peopleManage-8002,,] [main] WARN  org.mybatis.spring.mapper.ClassPathMapperScanner - Skipping MapperFactoryBean with name 'menuMapper' and 'com.springcloud.mapper.MenuMapper' mapperInterface. Bean already defined with the same name!
2023-06-01 18:03:47.829 [springcloud-peopleManage-8002,,] [main] WARN  org.mybatis.spring.mapper.ClassPathMapperScanner - Skipping MapperFactoryBean with name 'staffMapper' and 'com.springcloud.mapper.StaffMapper' mapperInterface. Bean already defined with the same name!
2023-06-01 18:03:47.829 [springcloud-peopleManage-8002,,] [main] WARN  org.mybatis.spring.mapper.ClassPathMapperScanner - Skipping MapperFactoryBean with name 'userMapper' and 'com.springcloud.mapper.UserMapper' mapperInterface. Bean already defined with the same name!
2023-06-01 18:03:47.829 [springcloud-peopleManage-8002,,] [main] WARN  org.mybatis.spring.mapper.ClassPathMapperScanner - No MyBatis mapper was found in '[com.springcloud.mapper]' package. Please check your configuration.
2023-06-01 18:03:53.678 [springcloud-peopleManage-8002,,] [main] WARN  c.b.mybatisplus.core.metadata.TableInfoHelper - This primary key of "userId" is primitive !不建议如此请使用包装类 in Class: "com.springcloud.entity.User"
2023-06-01 18:03:53.871 [springcloud-peopleManage-8002,,] [main] WARN  c.b.mybatisplus.core.metadata.TableInfoHelper - This primary key of "employeeId" is primitive !不建议如此请使用包装类 in Class: "com.springcloud.entity.Staff"
2023-06-01 18:03:54.595 [springcloud-peopleManage-8002,,] [main] WARN  com.netflix.config.sources.URLConfigurationSource - No URLs will be polled as dynamic configuration sources.
2023-06-01 18:03:54.609 [springcloud-peopleManage-8002,,] [main] WARN  com.netflix.config.sources.URLConfigurationSource - No URLs will be polled as dynamic configuration sources.
2023-06-01 18:03:59.369 [springcloud-peopleManage-8002,,] [main] WARN  o.s.c.l.c.LoadBalancerCacheAutoConfiguration$LoadBalancerCaffeineWarnLogger - Spring Cloud LoadBalancer is currently working with the default cache. While this cache implementation is useful for development and tests, it's recommended to use Caffeine cache in production.You can switch to using Caffeine cache, by adding it and org.springframework.cache.caffeine.CaffeineCacheManager to the classpath.
2023-06-01 18:14:52.816 [springcloud-peopleManage-8002,,] [SpringApplicationShutdownHook] WARN  com.netflix.config.sources.URLConfigurationSource - No URLs will be polled as dynamic configuration sources.
2023-06-01 18:15:20.002 [springcloud-peopleManage-8002,,] [main] WARN  org.mybatis.spring.mapper.ClassPathMapperScanner - Skipping MapperFactoryBean with name 'menuMapper' and 'com.springcloud.mapper.MenuMapper' mapperInterface. Bean already defined with the same name!
2023-06-01 18:15:20.002 [springcloud-peopleManage-8002,,] [main] WARN  org.mybatis.spring.mapper.ClassPathMapperScanner - Skipping MapperFactoryBean with name 'staffMapper' and 'com.springcloud.mapper.StaffMapper' mapperInterface. Bean already defined with the same name!
2023-06-01 18:15:20.002 [springcloud-peopleManage-8002,,] [main] WARN  org.mybatis.spring.mapper.ClassPathMapperScanner - Skipping MapperFactoryBean with name 'userMapper' and 'com.springcloud.mapper.UserMapper' mapperInterface. Bean already defined with the same name!
2023-06-01 18:15:20.002 [springcloud-peopleManage-8002,,] [main] WARN  org.mybatis.spring.mapper.ClassPathMapperScanner - No MyBatis mapper was found in '[com.springcloud.mapper]' package. Please check your configuration.
2023-06-01 18:15:24.850 [springcloud-peopleManage-8002,,] [main] WARN  c.b.mybatisplus.core.metadata.TableInfoHelper - This primary key of "userId" is primitive !不建议如此请使用包装类 in Class: "com.springcloud.entity.User"
2023-06-01 18:15:24.969 [springcloud-peopleManage-8002,,] [main] WARN  c.b.mybatisplus.core.metadata.TableInfoHelper - This primary key of "employeeId" is primitive !不建议如此请使用包装类 in Class: "com.springcloud.entity.Staff"
2023-06-01 18:15:25.285 [springcloud-peopleManage-8002,,] [main] WARN  com.netflix.config.sources.URLConfigurationSource - No URLs will be polled as dynamic configuration sources.
2023-06-01 18:15:25.289 [springcloud-peopleManage-8002,,] [main] WARN  com.netflix.config.sources.URLConfigurationSource - No URLs will be polled as dynamic configuration sources.
2023-06-01 18:15:29.323 [springcloud-peopleManage-8002,,] [main] WARN  o.s.c.l.c.LoadBalancerCacheAutoConfiguration$LoadBalancerCaffeineWarnLogger - Spring Cloud LoadBalancer is currently working with the default cache. While this cache implementation is useful for development and tests, it's recommended to use Caffeine cache in production.You can switch to using Caffeine cache, by adding it and org.springframework.cache.caffeine.CaffeineCacheManager to the classpath.
2023-06-01 19:43:25.637 [springcloud-peopleManage-8002,,] [SpringApplicationShutdownHook] WARN  com.netflix.config.sources.URLConfigurationSource - No URLs will be polled as dynamic configuration sources.
2023-06-01 19:43:33.676 [springcloud-peopleManage-8002,,] [SpringApplicationShutdownHook] WARN  c.n.d.s.t.decorator.RetryableEurekaHttpClient - Request execution failed with message: I/O error on DELETE request for "http://localhost:7001/eureka/apps/SPRINGCLOUD-PEOPLEMANAGE-8002/springcloud-peopleManage-8002": Connect to localhost:7001 [localhost/127.0.0.1, localhost/0:0:0:0:0:0:0:1] failed: Connection refused: connect; nested exception is org.apache.http.conn.HttpHostConnectException: Connect to localhost:7001 [localhost/127.0.0.1, localhost/0:0:0:0:0:0:0:1] failed: Connection refused: connect
2023-06-01 19:43:37.770 [springcloud-peopleManage-8002,,] [SpringApplicationShutdownHook] WARN  c.n.d.s.t.decorator.RetryableEurekaHttpClient - Request execution failed with message: I/O error on DELETE request for "http://localhost:7001/eureka/apps/SPRINGCLOUD-PEOPLEMANAGE-8002/springcloud-peopleManage-8002": Connect to localhost:7001 [localhost/127.0.0.1, localhost/0:0:0:0:0:0:0:1] failed: Connection refused: connect; nested exception is org.apache.http.conn.HttpHostConnectException: Connect to localhost:7001 [localhost/127.0.0.1, localhost/0:0:0:0:0:0:0:1] failed: Connection refused: connect
